npm warn ERESOLVE overriding peer dependency
npm warn While resolving: @sanity/preview-kit@5.2.6
npm warn Found: @sanity/client@7.4.1
npm warn node_modules/@sanity/client
npm warn   @sanity/client@"^7.4.0" from @sanity/cli@3.91.0
npm warn   node_modules/@sanity/cli
npm warn     @sanity/cli@"3.91.0" from sanity@3.91.0
npm warn     node_modules/sanity
npm warn   8 more (@sanity/migrate, @sanity/presentation-comlink, ...)
npm warn
npm warn Could not resolve dependency:
npm warn peer @sanity/client@"^6.28.0" from @sanity/preview-kit@5.2.6
npm warn node_modules/@sanity/preview-kit
npm warn   @sanity/preview-kit@"5.2.6" from next-sanity@9.8.58-canary.0
npm warn   node_modules/next-sanity
npm warn
npm warn Conflicting peer dependency: @sanity/client@6.29.1
npm warn node_modules/@sanity/client
npm warn   peer @sanity/client@"^6.28.0" from @sanity/preview-kit@5.2.6
npm warn   node_modules/@sanity/preview-kit
npm warn     @sanity/preview-kit@"5.2.6" from next-sanity@9.8.58-canary.0
npm warn     node_modules/next-sanity
npm warn ERESOLVE overriding peer dependency
npm warn While resolving: @sanity/visual-editing@2.13.2
npm warn Found: @sanity/client@6.29.1
npm warn node_modules/@sanity/visual-editing/node_modules/@sanity/client
npm warn   @sanity/client@"^6.22.4" from @sanity/mutate@0.11.0-canary.4
npm warn   node_modules/@sanity/visual-editing/node_modules/@sanity/mutate
npm warn     @sanity/mutate@"0.11.0-canary.4" from @sanity/visual-editing@2.13.2
npm warn     node_modules/@sanity/visual-editing
npm warn
npm warn Could not resolve dependency:
npm warn peerOptional @sanity/client@"^6.28.0" from @sanity/visual-editing@2.13.2
npm warn node_modules/@sanity/visual-editing
npm warn   @sanity/visual-editing@"2.13.2" from next-sanity@9.8.58-canary.0
npm warn   node_modules/next-sanity
npm warn
npm warn Conflicting peer dependency: @sanity/client@6.29.1
npm warn node_modules/@sanity/client
npm warn   peerOptional @sanity/client@"^6.28.0" from @sanity/visual-editing@2.13.2
npm warn   node_modules/@sanity/visual-editing
npm warn     @sanity/visual-editing@"2.13.2" from next-sanity@9.8.58-canary.0
npm warn     node_modules/next-sanity
npm error code ERESOLVE
npm error ERESOLVE could not resolve
npm error
npm error While resolving: next-sanity@9.8.58-canary.0
npm error Found: @sanity/client@7.4.1
npm error node_modules/@sanity/client
npm error   @sanity/client@"^7.4.0" from @sanity/cli@3.91.0
npm error   node_modules/@sanity/cli
npm error     @sanity/cli@"3.91.0" from sanity@3.91.0
npm error     node_modules/sanity
npm error       peer sanity@"^3.75.0" from next-sanity@9.8.58-canary.0
npm error       node_modules/next-sanity
npm error         next-sanity@"^9.8.58-canary.0" from the root project
npm error       2 more (sanity-plugin-markdown, the root project)
npm error   @sanity/client@"^7.4.0" from @sanity/migrate@3.91.0
npm error   node_modules/@sanity/migrate
npm error     @sanity/migrate@"3.91.0" from sanity@3.91.0
npm error     node_modules/sanity
npm error       peer sanity@"^3.75.0" from next-sanity@9.8.58-canary.0
npm error       node_modules/next-sanity
npm error         next-sanity@"^9.8.58-canary.0" from the root project
npm error       2 more (sanity-plugin-markdown, the root project)
npm error   7 more (@sanity/presentation-comlink, ...)
npm error
npm error Could not resolve dependency:
npm error peer @sanity/client@"^6.28.0" from next-sanity@9.8.58-canary.0
npm error node_modules/next-sanity
npm error   next-sanity@"^9.8.58-canary.0" from the root project
npm error
npm error Conflicting peer dependency: @sanity/client@6.29.1
npm error node_modules/@sanity/client
npm error   peer @sanity/client@"^6.28.0" from next-sanity@9.8.58-canary.0
npm error   node_modules/next-sanity
npm error     next-sanity@"^9.8.58-canary.0" from the root project
npm error
npm error Fix the upstream dependency conflict, or retry
npm error this command with --force or --legacy-peer-deps
npm error to accept an incorrect (and potentially broken) dependency resolution.
npm error
npm error
npm error For a full report see:
npm error /Users/siyagarg/.npm/_logs/2025-06-06T12_16_11_099Z-eresolve-report.txt
npm error A complete log of this run can be found in: /Users/siyagarg/.npm/_logs/2025-06-06T12_16_11_099Z-debug-0.log
